<?xml version="1.0" encoding="UTF-8"?>
<!-- Generated by org.testng.reporters.JUnitReportReporter -->
<testsuite hostname="DESKTOP-3ACR6GI" failures="0" tests="18" name="com.testpackage.TestScript" time="0.074" errors="0" timestamp="2024-04-14T09:35:57 BST" skipped="0">
  <testcase classname="com.testpackage.TestScript" name="test8WithValidInvalidCompleteTask" time="0.002"/>
  <system-out/>
  <testcase classname="com.testpackage.TestScript" name="test16WithUpdateCompleted" time="0.002"/>
  <system-out/>
  <testcase classname="com.testpackage.TestScript" name="test1WithEmptyList" time="0.002"/>
  <system-out/>
  <testcase classname="com.testpackage.TestScript" name="test9WithIndexLessThanZeroDeleteTask" time="0.002"/>
  <system-out/>
  <testcase classname="com.testpackage.TestScript" name="test5WithUpdate" time="0.001"/>
  <system-out/>
  <testcase classname="com.testpackage.TestScript" name="testToString1" time="0.010"/>
  <system-out/>
  <testcase classname="com.testpackage.TestScript" name="test10WithIndexZeroDeleteTask" time="0.027"/>
  <system-out/>
  <testcase classname="com.testpackage.TestScript" name="test13WithUpdateTitle" time="0.002"/>
  <system-out/>
  <testcase classname="com.testpackage.TestScript" name="test14WithUpdatePriority" time="0.001"/>
  <system-out/>
  <testcase classname="com.testpackage.TestScript" name="test15WithUpdateDueDate" time="0.001"/>
  <system-out/>
  <testcase classname="com.testpackage.TestScript" name="test2WithValidList" time="0.011"/>
  <system-out/>
  <testcase classname="com.testpackage.TestScript" name="test3WithIndexLessThanZero" time="0.003"/>
  <system-out/>
  <testcase classname="com.testpackage.TestScript" name="test6WithIndexLessThanZeroCompleteTask" time="0.002"/>
  <system-out/>
  <testcase classname="com.testpackage.TestScript" name="testToString2" time="0.002"/>
  <system-out/>
  <testcase classname="com.testpackage.TestScript" name="test12WithUpdateTitle" time="0.002"/>
  <system-out/>
  <testcase classname="com.testpackage.TestScript" name="test7WithIndexZeroCompleteTask" time="0.001"/>
  <system-out/>
  <testcase classname="com.testpackage.TestScript" name="test11WithValidInvalidDeleteTask" time="0.002"/>
  <system-out/>
  <testcase classname="com.testpackage.TestScript" name="test4WithIndexZero" time="0.001"/>
  <system-out/>
</testsuite> <!-- com.testpackage.TestScript -->
