<?xml version="1.0" encoding="UTF-8"?>
<!-- Generated by org.testng.reporters.JUnitReportReporter -->
<testsuite hostname="DESKTOP-3ACR6GI" failures="0" tests="18" name="com.testpackage.TestScript" time="0.329" errors="0" timestamp="2024-04-14T08:07:56 BST" skipped="0">
  <testcase classname="com.testpackage.TestScript" name="test8WithValidInvalidCompleteTask" time="0.006"/>
  <system-out/>
  <testcase classname="com.testpackage.TestScript" name="test4WithIndexZero" time="0.009"/>
  <system-out/>
  <testcase classname="com.testpackage.TestScript" name="test5WithUpdate" time="0.006"/>
  <system-out/>
  <testcase classname="com.testpackage.TestScript" name="test11WithValidInvalidDeleteTask" time="0.009"/>
  <system-out/>
  <testcase classname="com.testpackage.TestScript" name="test7WithIndexZeroCompleteTask" time="0.007"/>
  <system-out/>
  <testcase classname="com.testpackage.TestScript" name="testToString2" time="0.007"/>
  <system-out/>
  <testcase classname="com.testpackage.TestScript" name="test9WithIndexLessThanZeroDeleteTask" time="0.007"/>
  <system-out/>
  <testcase classname="com.testpackage.TestScript" name="test14WithUpdatePriority" time="0.006"/>
  <system-out/>
  <testcase classname="com.testpackage.TestScript" name="test2WithValidList" time="0.049"/>
  <system-out/>
  <testcase classname="com.testpackage.TestScript" name="test16WithUpdateCompleted" time="0.016"/>
  <system-out/>
  <testcase classname="com.testpackage.TestScript" name="test3WithIndexLessThanZero" time="0.011"/>
  <system-out/>
  <testcase classname="com.testpackage.TestScript" name="test6WithIndexLessThanZeroCompleteTask" time="0.005"/>
  <system-out/>
  <testcase classname="com.testpackage.TestScript" name="test13WithUpdateTitle" time="0.007"/>
  <system-out/>
  <testcase classname="com.testpackage.TestScript" name="test1WithEmptyList" time="0.009"/>
  <system-out/>
  <testcase classname="com.testpackage.TestScript" name="testToString1" time="0.059"/>
  <system-out/>
  <testcase classname="com.testpackage.TestScript" name="test10WithIndexZeroDeleteTask" time="0.095"/>
  <system-out/>
  <testcase classname="com.testpackage.TestScript" name="test15WithUpdateDueDate" time="0.008"/>
  <system-out/>
  <testcase classname="com.testpackage.TestScript" name="test12WithUpdateTitle" time="0.013"/>
  <system-out/>
</testsuite> <!-- com.testpackage.TestScript -->
