<?xml version="1.0" encoding="UTF-8"?>
<!-- Generated by org.testng.reporters.JUnitReportReporter -->
<testsuite hostname="DESKTOP-3ACR6GI" failures="0" tests="1" name="com.testpackage.TestScript" time="0.016" errors="0" timestamp="2024-04-13T15:02:59 BST" skipped="0">
  <testcase classname="com.testpackage.TestScript" name="Test" time="0.016"/>
  <system-out/>
</testsuite> <!-- com.testpackage.TestScript -->
